app/build/intermediates/manifest_merge_blame_file/debug/manifest-merger-blame-debug-report.txt
1<?xml version="1.0" encoding="utf-8"?>
2<manifest xmlns:android="http://schemas.android.com/apk/res/android"
3    package="com.example.inclusive8"
4    android:versionCode="1"
5    android:versionName="1.0" >
6
7    <uses-sdk
8        android:minSdkVersion="21"
8-->src\main\AndroidManifest.xml
9        android:targetSdkVersion="31" />
9-->src\main\AndroidManifest.xml
10
11    <application
11-->src\main\AndroidManifest.xml:5:5-24:19
12        android:allowBackup="true"
12-->src\main\AndroidManifest.xml:6:9-35
13        android:appComponentFactory="androidx.core.app.CoreComponentFactory"
13-->[androidx.core:core:1.5.0] AndroidManifest.xml:24:18-86
14        android:debuggable="true"
15        android:icon="@drawable/l1"
15-->src\main\AndroidManifest.xml:7:9-36
16        android:label="@string/app_name"
16-->src\main\AndroidManifest.xml:8:9-41
17        android:orientation="vertical"
17-->src\main\AndroidManifest.xml:11:9-39
18        android:roundIcon="@mipmap/ic_launcher_round"
18-->src\main\AndroidManifest.xml:9:9-54
19        android:supportsRtl="true"
19-->src\main\AndroidManifest.xml:10:9-35
20        android:testOnly="true"
21        android:theme="@style/Theme.Inclusive8" >
21-->src\main\AndroidManifest.xml:12:9-48
22        <activity
22-->src\main\AndroidManifest.xml:13:9-23:20
23            android:name="com.example.inclusive8.MainActivity"
23-->src\main\AndroidManifest.xml:14:13-41
24            android:exported="true"
24-->src\main\AndroidManifest.xml:15:13-36
25            android:label="@string/app_name"
25-->src\main\AndroidManifest.xml:17:13-45
26            android:orientation="vertical" >
26-->src\main\AndroidManifest.xml:16:13-43
27            <intent-filter>
27-->src\main\AndroidManifest.xml:18:13-22:29
28                <action android:name="android.intent.action.MAIN" />
28-->src\main\AndroidManifest.xml:19:17-69
28-->src\main\AndroidManifest.xml:19:25-66
29
30                <category android:name="android.intent.category.LAUNCHER" />
30-->src\main\AndroidManifest.xml:21:17-77
30-->src\main\AndroidManifest.xml:21:27-74
31            </intent-filter>
32        </activity>
33    </application>
34
35</manifest>